[2020-04-18 09:01:55,571] INFO [GroupCoordinator 0]: Preparing to rebalance group console-consumer-90512 with old generation 0 (__consumer_offsets-18) (kafka.coordinator.group.GroupCoordinator)
[2020-04-18 09:01:55,572] INFO [GroupCoordinator 0]: Stabilized group console-consumer-90512 generation 1 (__consumer_offsets-18) (kafka.coordinator.group.GroupCoordinator)
[2020-04-18 09:01:55,574] INFO [GroupCoordinator 0]: Assignment received from leader for group console-consumer-90512 for generation 1 (kafka.coordinator.group.GroupCoordinator)
[2020-04-18 09:01:55,574] INFO Updated PartitionLeaderEpoch. New: {epoch:0, offset:0}, Current: {epoch:-1, offset-1} for Partition: __consumer_offsets-18. Cache now contains 0 entries. (kafka.server.epoch.LeaderEpochFileCache)
[2020-04-18 09:03:03,885] INFO [GroupCoordinator 0]: Preparing to rebalance group console-consumer-92205 with old generation 0 (__consumer_offsets-39) (kafka.coordinator.group.GroupCoordinator)
[2020-04-18 09:03:03,885] INFO [GroupCoordinator 0]: Stabilized group console-consumer-92205 generation 1 (__consumer_offsets-39) (kafka.coordinator.group.GroupCoordinator)
[2020-04-18 09:03:03,887] INFO [GroupCoordinator 0]: Assignment received from leader for group console-consumer-92205 for generation 1 (kafka.coordinator.group.GroupCoordinator)
[2020-04-18 09:03:03,887] INFO Updated PartitionLeaderEpoch. New: {epoch:0, offset:0}, Current: {epoch:-1, offset-1} for Partition: __consumer_offsets-39. Cache now contains 0 entries. (kafka.server.epoch.LeaderEpochFileCache)
[2020-04-18 09:03:51,419] INFO [GroupCoordinator 0]: Preparing to rebalance group streams-wordcount with old generation 2 (__consumer_offsets-35) (kafka.coordinator.group.GroupCoordinator)
[2020-04-18 09:03:54,486] INFO [GroupCoordinator 0]: Member streams-wordcount-fd58e0a9-246a-4a8b-84e0-d5887524f542-StreamThread-1-consumer-57315e97-5d38-4940-b537-ca0884529b9b in group streams-wordcount has failed, removing it from the group (kafka.coordinator.group.GroupCoordinator)
[2020-04-18 09:03:54,488] INFO [GroupCoordinator 0]: Stabilized group streams-wordcount generation 3 (__consumer_offsets-35) (kafka.coordinator.group.GroupCoordinator)
[2020-04-18 09:03:54,755] INFO [GroupCoordinator 0]: Assignment received from leader for group streams-wordcount for generation 3 (kafka.coordinator.group.GroupCoordinator)
[2020-04-18 09:04:01,828] INFO [GroupCoordinator 0]: Preparing to rebalance group streams-wordcount with old generation 3 (__consumer_offsets-35) (kafka.coordinator.group.GroupCoordinator)
[2020-04-18 09:04:04,758] INFO [GroupCoordinator 0]: Member streams-wordcount-0ecfae65-c426-4467-a0db-451f372c3bb9-StreamThread-1-consumer-01482a1f-eefd-4db1-a093-05ef433745f5 in group streams-wordcount has failed, removing it from the group (kafka.coordinator.group.GroupCoordinator)
[2020-04-18 09:04:04,759] INFO [GroupCoordinator 0]: Stabilized group streams-wordcount generation 4 (__consumer_offsets-35) (kafka.coordinator.group.GroupCoordinator)
[2020-04-18 09:04:05,021] INFO [GroupCoordinator 0]: Assignment received from leader for group streams-wordcount for generation 4 (kafka.coordinator.group.GroupCoordinator)
[2020-04-18 09:04:08,434] INFO [GroupCoordinator 0]: Preparing to rebalance group console-consumer-92205 with old generation 1 (__consumer_offsets-39) (kafka.coordinator.group.GroupCoordinator)
[2020-04-18 09:04:08,434] INFO [GroupCoordinator 0]: Group console-consumer-92205 with generation 2 is now empty (__consumer_offsets-39) (kafka.coordinator.group.GroupCoordinator)
[2020-04-18 09:04:11,314] INFO [GroupCoordinator 0]: Preparing to rebalance group console-consumer-99367 with old generation 0 (__consumer_offsets-25) (kafka.coordinator.group.GroupCoordinator)
[2020-04-18 09:04:11,314] INFO [GroupCoordinator 0]: Stabilized group console-consumer-99367 generation 1 (__consumer_offsets-25) (kafka.coordinator.group.GroupCoordinator)
[2020-04-18 09:04:11,316] INFO [GroupCoordinator 0]: Assignment received from leader for group console-consumer-99367 for generation 1 (kafka.coordinator.group.GroupCoordinator)
[2020-04-18 09:04:11,316] INFO Updated PartitionLeaderEpoch. New: {epoch:0, offset:0}, Current: {epoch:-1, offset-1} for Partition: __consumer_offsets-25. Cache now contains 0 entries. (kafka.server.epoch.LeaderEpochFileCache)
[2020-04-18 09:04:52,170] INFO [GroupCoordinator 0]: Preparing to rebalance group console-consumer-99367 with old generation 1 (__consumer_offsets-25) (kafka.coordinator.group.GroupCoordinator)
[2020-04-18 09:04:52,171] INFO [GroupCoordinator 0]: Group console-consumer-99367 with generation 2 is now empty (__consumer_offsets-25) (kafka.coordinator.group.GroupCoordinator)
[2020-04-18 09:04:57,164] INFO [GroupCoordinator 0]: Preparing to rebalance group console-consumer-6991 with old generation 0 (__consumer_offsets-24) (kafka.coordinator.group.GroupCoordinator)
[2020-04-18 09:04:57,165] INFO [GroupCoordinator 0]: Stabilized group console-consumer-6991 generation 1 (__consumer_offsets-24) (kafka.coordinator.group.GroupCoordinator)
[2020-04-18 09:04:57,166] INFO [GroupCoordinator 0]: Assignment received from leader for group console-consumer-6991 for generation 1 (kafka.coordinator.group.GroupCoordinator)
[2020-04-18 09:04:57,167] INFO Updated PartitionLeaderEpoch. New: {epoch:0, offset:0}, Current: {epoch:-1, offset-1} for Partition: __consumer_offsets-24. Cache now contains 0 entries. (kafka.server.epoch.LeaderEpochFileCache)
[2020-04-18 09:09:17,942] INFO [Group Metadata Manager on Broker 0]: Removed 0 expired offsets in 0 milliseconds. (kafka.coordinator.group.GroupMetadataManager)
