[2020-04-18 11:34:19,291] TRACE Controller 0 epoch 1 changed partition [word-count-input,0] state from NonExistentPartition to NewPartition with assigned replicas 0 (state.change.logger)
[2020-04-18 11:34:19,291] TRACE Controller 0 epoch 1 changed partition [word-count-input,1] state from NonExistentPartition to NewPartition with assigned replicas 0 (state.change.logger)
[2020-04-18 11:34:19,291] TRACE Controller 0 epoch 1 changed state of replica 0 for partition [word-count-input,0] from NonExistentReplica to NewReplica (state.change.logger)
[2020-04-18 11:34:19,291] TRACE Controller 0 epoch 1 changed state of replica 0 for partition [word-count-input,1] from NonExistentReplica to NewReplica (state.change.logger)
[2020-04-18 11:34:19,296] TRACE Controller 0 epoch 1 changed partition [word-count-input,0] from NewPartition to OnlinePartition with leader 0 (state.change.logger)
[2020-04-18 11:34:19,298] TRACE Controller 0 epoch 1 changed partition [word-count-input,1] from NewPartition to OnlinePartition with leader 0 (state.change.logger)
[2020-04-18 11:34:19,298] TRACE Controller 0 epoch 1 sending become-leader LeaderAndIsr request (Leader:0,ISR:0,LeaderEpoch:0,ControllerEpoch:1) to broker 0 for partition [word-count-input,0] (state.change.logger)
[2020-04-18 11:34:19,298] TRACE Controller 0 epoch 1 sending become-leader LeaderAndIsr request (Leader:0,ISR:0,LeaderEpoch:0,ControllerEpoch:1) to broker 0 for partition [word-count-input,1] (state.change.logger)
[2020-04-18 11:34:19,298] TRACE Controller 0 epoch 1 sending UpdateMetadata request (Leader:0,ISR:0,LeaderEpoch:0,ControllerEpoch:1) to brokers Set(0) for partition word-count-input-0 (state.change.logger)
[2020-04-18 11:34:19,298] TRACE Controller 0 epoch 1 sending UpdateMetadata request (Leader:0,ISR:0,LeaderEpoch:0,ControllerEpoch:1) to brokers Set(0) for partition word-count-input-1 (state.change.logger)
[2020-04-18 11:34:19,299] TRACE Controller 0 epoch 1 changed state of replica 0 for partition [word-count-input,0] from NewReplica to OnlineReplica (state.change.logger)
[2020-04-18 11:34:19,299] TRACE Controller 0 epoch 1 changed state of replica 0 for partition [word-count-input,1] from NewReplica to OnlineReplica (state.change.logger)
[2020-04-18 11:34:19,300] TRACE Broker 0 received LeaderAndIsr request PartitionState(controllerEpoch=1, leader=0, leaderEpoch=0, isr=0, zkVersion=0, replicas=0) correlation id 13 from controller 0 epoch 1 for partition [word-count-input,0] (state.change.logger)
[2020-04-18 11:34:19,300] TRACE Broker 0 received LeaderAndIsr request PartitionState(controllerEpoch=1, leader=0, leaderEpoch=0, isr=0, zkVersion=0, replicas=0) correlation id 13 from controller 0 epoch 1 for partition [word-count-input,1] (state.change.logger)
[2020-04-18 11:34:19,300] TRACE Broker 0 handling LeaderAndIsr request correlationId 13 from controller 0 epoch 1 starting the become-leader transition for partition word-count-input-0 (state.change.logger)
[2020-04-18 11:34:19,300] TRACE Broker 0 handling LeaderAndIsr request correlationId 13 from controller 0 epoch 1 starting the become-leader transition for partition word-count-input-1 (state.change.logger)
[2020-04-18 11:34:19,307] TRACE Broker 0 stopped fetchers as part of become-leader request from controller 0 epoch 1 with correlation id 13 for partition word-count-input-1 (state.change.logger)
[2020-04-18 11:34:19,307] TRACE Broker 0 stopped fetchers as part of become-leader request from controller 0 epoch 1 with correlation id 13 for partition word-count-input-0 (state.change.logger)
[2020-04-18 11:34:19,307] TRACE Broker 0 completed LeaderAndIsr request correlationId 13 from controller 0 epoch 1 for the become-leader transition for partition word-count-input-0 (state.change.logger)
[2020-04-18 11:34:19,307] TRACE Broker 0 completed LeaderAndIsr request correlationId 13 from controller 0 epoch 1 for the become-leader transition for partition word-count-input-1 (state.change.logger)
[2020-04-18 11:34:19,308] TRACE Controller 0 epoch 1 received response {error_code=0,partitions=[{topic=word-count-input,partition=0,error_code=0},{topic=word-count-input,partition=1,error_code=0}]} for a request sent to broker rodolfo:9092 (id: 0 rack: null) (state.change.logger)
[2020-04-18 11:34:19,308] TRACE Broker 0 cached leader info (LeaderAndIsrInfo:(Leader:0,ISR:0,LeaderEpoch:0,ControllerEpoch:1),ReplicationFactor:1),AllReplicas:0) for partition word-count-input-0 in response to UpdateMetadata request sent by controller 0 epoch 1 with correlation id 14 (state.change.logger)
[2020-04-18 11:34:19,308] TRACE Broker 0 cached leader info (LeaderAndIsrInfo:(Leader:0,ISR:0,LeaderEpoch:0,ControllerEpoch:1),ReplicationFactor:1),AllReplicas:0) for partition word-count-input-1 in response to UpdateMetadata request sent by controller 0 epoch 1 with correlation id 14 (state.change.logger)
[2020-04-18 11:34:19,308] TRACE Controller 0 epoch 1 received response {error_code=0} for a request sent to broker rodolfo:9092 (id: 0 rack: null) (state.change.logger)
[2020-04-18 11:35:19,142] TRACE Controller 0 epoch 1 changed partition [word-count-output,1] state from NonExistentPartition to NewPartition with assigned replicas 0 (state.change.logger)
[2020-04-18 11:35:19,142] TRACE Controller 0 epoch 1 changed partition [word-count-output,0] state from NonExistentPartition to NewPartition with assigned replicas 0 (state.change.logger)
[2020-04-18 11:35:19,143] TRACE Controller 0 epoch 1 changed state of replica 0 for partition [word-count-output,1] from NonExistentReplica to NewReplica (state.change.logger)
[2020-04-18 11:35:19,143] TRACE Controller 0 epoch 1 changed state of replica 0 for partition [word-count-output,0] from NonExistentReplica to NewReplica (state.change.logger)
[2020-04-18 11:35:19,149] TRACE Controller 0 epoch 1 changed partition [word-count-output,1] from NewPartition to OnlinePartition with leader 0 (state.change.logger)
[2020-04-18 11:35:19,151] TRACE Controller 0 epoch 1 changed partition [word-count-output,0] from NewPartition to OnlinePartition with leader 0 (state.change.logger)
[2020-04-18 11:35:19,151] TRACE Controller 0 epoch 1 sending become-leader LeaderAndIsr request (Leader:0,ISR:0,LeaderEpoch:0,ControllerEpoch:1) to broker 0 for partition [word-count-output,0] (state.change.logger)
[2020-04-18 11:35:19,151] TRACE Controller 0 epoch 1 sending become-leader LeaderAndIsr request (Leader:0,ISR:0,LeaderEpoch:0,ControllerEpoch:1) to broker 0 for partition [word-count-output,1] (state.change.logger)
[2020-04-18 11:35:19,151] TRACE Controller 0 epoch 1 sending UpdateMetadata request (Leader:0,ISR:0,LeaderEpoch:0,ControllerEpoch:1) to brokers Set(0) for partition word-count-output-0 (state.change.logger)
[2020-04-18 11:35:19,151] TRACE Controller 0 epoch 1 sending UpdateMetadata request (Leader:0,ISR:0,LeaderEpoch:0,ControllerEpoch:1) to brokers Set(0) for partition word-count-output-1 (state.change.logger)
[2020-04-18 11:35:19,152] TRACE Controller 0 epoch 1 changed state of replica 0 for partition [word-count-output,1] from NewReplica to OnlineReplica (state.change.logger)
[2020-04-18 11:35:19,152] TRACE Controller 0 epoch 1 changed state of replica 0 for partition [word-count-output,0] from NewReplica to OnlineReplica (state.change.logger)
[2020-04-18 11:35:19,152] TRACE Broker 0 received LeaderAndIsr request PartitionState(controllerEpoch=1, leader=0, leaderEpoch=0, isr=0, zkVersion=0, replicas=0) correlation id 15 from controller 0 epoch 1 for partition [word-count-output,1] (state.change.logger)
[2020-04-18 11:35:19,152] TRACE Broker 0 received LeaderAndIsr request PartitionState(controllerEpoch=1, leader=0, leaderEpoch=0, isr=0, zkVersion=0, replicas=0) correlation id 15 from controller 0 epoch 1 for partition [word-count-output,0] (state.change.logger)
[2020-04-18 11:35:19,152] TRACE Broker 0 handling LeaderAndIsr request correlationId 15 from controller 0 epoch 1 starting the become-leader transition for partition word-count-output-0 (state.change.logger)
[2020-04-18 11:35:19,152] TRACE Broker 0 handling LeaderAndIsr request correlationId 15 from controller 0 epoch 1 starting the become-leader transition for partition word-count-output-1 (state.change.logger)
[2020-04-18 11:35:19,158] TRACE Broker 0 stopped fetchers as part of become-leader request from controller 0 epoch 1 with correlation id 15 for partition word-count-output-1 (state.change.logger)
[2020-04-18 11:35:19,158] TRACE Broker 0 stopped fetchers as part of become-leader request from controller 0 epoch 1 with correlation id 15 for partition word-count-output-0 (state.change.logger)
[2020-04-18 11:35:19,158] TRACE Broker 0 completed LeaderAndIsr request correlationId 15 from controller 0 epoch 1 for the become-leader transition for partition word-count-output-0 (state.change.logger)
[2020-04-18 11:35:19,158] TRACE Broker 0 completed LeaderAndIsr request correlationId 15 from controller 0 epoch 1 for the become-leader transition for partition word-count-output-1 (state.change.logger)
[2020-04-18 11:35:19,158] TRACE Controller 0 epoch 1 received response {error_code=0,partitions=[{topic=word-count-output,partition=1,error_code=0},{topic=word-count-output,partition=0,error_code=0}]} for a request sent to broker rodolfo:9092 (id: 0 rack: null) (state.change.logger)
[2020-04-18 11:35:19,159] TRACE Broker 0 cached leader info (LeaderAndIsrInfo:(Leader:0,ISR:0,LeaderEpoch:0,ControllerEpoch:1),ReplicationFactor:1),AllReplicas:0) for partition word-count-output-1 in response to UpdateMetadata request sent by controller 0 epoch 1 with correlation id 16 (state.change.logger)
[2020-04-18 11:35:19,159] TRACE Broker 0 cached leader info (LeaderAndIsrInfo:(Leader:0,ISR:0,LeaderEpoch:0,ControllerEpoch:1),ReplicationFactor:1),AllReplicas:0) for partition word-count-output-0 in response to UpdateMetadata request sent by controller 0 epoch 1 with correlation id 16 (state.change.logger)
[2020-04-18 11:35:19,159] TRACE Controller 0 epoch 1 received response {error_code=0} for a request sent to broker rodolfo:9092 (id: 0 rack: null) (state.change.logger)
[2020-04-18 11:48:32,176] TRACE Controller 0 epoch 1 changed partition [streams-starter-app-KSTREAM-AGGREGATE-STATE-STORE-0000000004-repartition,0] state from NonExistentPartition to NewPartition with assigned replicas 0 (state.change.logger)
[2020-04-18 11:48:32,176] TRACE Controller 0 epoch 1 changed partition [streams-starter-app-KSTREAM-AGGREGATE-STATE-STORE-0000000004-repartition,1] state from NonExistentPartition to NewPartition with assigned replicas 0 (state.change.logger)
[2020-04-18 11:48:32,177] TRACE Controller 0 epoch 1 changed state of replica 0 for partition [streams-starter-app-KSTREAM-AGGREGATE-STATE-STORE-0000000004-repartition,0] from NonExistentReplica to NewReplica (state.change.logger)
[2020-04-18 11:48:32,177] TRACE Controller 0 epoch 1 changed state of replica 0 for partition [streams-starter-app-KSTREAM-AGGREGATE-STATE-STORE-0000000004-repartition,1] from NonExistentReplica to NewReplica (state.change.logger)
[2020-04-18 11:48:32,183] TRACE Controller 0 epoch 1 changed partition [streams-starter-app-KSTREAM-AGGREGATE-STATE-STORE-0000000004-repartition,0] from NewPartition to OnlinePartition with leader 0 (state.change.logger)
[2020-04-18 11:48:32,186] TRACE Controller 0 epoch 1 changed partition [streams-starter-app-KSTREAM-AGGREGATE-STATE-STORE-0000000004-repartition,1] from NewPartition to OnlinePartition with leader 0 (state.change.logger)
[2020-04-18 11:48:32,186] TRACE Controller 0 epoch 1 sending become-leader LeaderAndIsr request (Leader:0,ISR:0,LeaderEpoch:0,ControllerEpoch:1) to broker 0 for partition [streams-starter-app-KSTREAM-AGGREGATE-STATE-STORE-0000000004-repartition,0] (state.change.logger)
[2020-04-18 11:48:32,186] TRACE Controller 0 epoch 1 sending become-leader LeaderAndIsr request (Leader:0,ISR:0,LeaderEpoch:0,ControllerEpoch:1) to broker 0 for partition [streams-starter-app-KSTREAM-AGGREGATE-STATE-STORE-0000000004-repartition,1] (state.change.logger)
[2020-04-18 11:48:32,186] TRACE Controller 0 epoch 1 sending UpdateMetadata request (Leader:0,ISR:0,LeaderEpoch:0,ControllerEpoch:1) to brokers Set(0) for partition streams-starter-app-KSTREAM-AGGREGATE-STATE-STORE-0000000004-repartition-0 (state.change.logger)
[2020-04-18 11:48:32,186] TRACE Controller 0 epoch 1 sending UpdateMetadata request (Leader:0,ISR:0,LeaderEpoch:0,ControllerEpoch:1) to brokers Set(0) for partition streams-starter-app-KSTREAM-AGGREGATE-STATE-STORE-0000000004-repartition-1 (state.change.logger)
[2020-04-18 11:48:32,186] TRACE Controller 0 epoch 1 changed state of replica 0 for partition [streams-starter-app-KSTREAM-AGGREGATE-STATE-STORE-0000000004-repartition,0] from NewReplica to OnlineReplica (state.change.logger)
[2020-04-18 11:48:32,186] TRACE Controller 0 epoch 1 changed state of replica 0 for partition [streams-starter-app-KSTREAM-AGGREGATE-STATE-STORE-0000000004-repartition,1] from NewReplica to OnlineReplica (state.change.logger)
[2020-04-18 11:48:32,187] TRACE Broker 0 received LeaderAndIsr request PartitionState(controllerEpoch=1, leader=0, leaderEpoch=0, isr=0, zkVersion=0, replicas=0) correlation id 17 from controller 0 epoch 1 for partition [streams-starter-app-KSTREAM-AGGREGATE-STATE-STORE-0000000004-repartition,0] (state.change.logger)
[2020-04-18 11:48:32,187] TRACE Broker 0 received LeaderAndIsr request PartitionState(controllerEpoch=1, leader=0, leaderEpoch=0, isr=0, zkVersion=0, replicas=0) correlation id 17 from controller 0 epoch 1 for partition [streams-starter-app-KSTREAM-AGGREGATE-STATE-STORE-0000000004-repartition,1] (state.change.logger)
[2020-04-18 11:48:32,187] TRACE Broker 0 handling LeaderAndIsr request correlationId 17 from controller 0 epoch 1 starting the become-leader transition for partition streams-starter-app-KSTREAM-AGGREGATE-STATE-STORE-0000000004-repartition-0 (state.change.logger)
[2020-04-18 11:48:32,187] TRACE Broker 0 handling LeaderAndIsr request correlationId 17 from controller 0 epoch 1 starting the become-leader transition for partition streams-starter-app-KSTREAM-AGGREGATE-STATE-STORE-0000000004-repartition-1 (state.change.logger)
[2020-04-18 11:48:32,193] TRACE Broker 0 stopped fetchers as part of become-leader request from controller 0 epoch 1 with correlation id 17 for partition streams-starter-app-KSTREAM-AGGREGATE-STATE-STORE-0000000004-repartition-1 (state.change.logger)
[2020-04-18 11:48:32,193] TRACE Broker 0 stopped fetchers as part of become-leader request from controller 0 epoch 1 with correlation id 17 for partition streams-starter-app-KSTREAM-AGGREGATE-STATE-STORE-0000000004-repartition-0 (state.change.logger)
[2020-04-18 11:48:32,193] TRACE Broker 0 completed LeaderAndIsr request correlationId 17 from controller 0 epoch 1 for the become-leader transition for partition streams-starter-app-KSTREAM-AGGREGATE-STATE-STORE-0000000004-repartition-0 (state.change.logger)
[2020-04-18 11:48:32,193] TRACE Broker 0 completed LeaderAndIsr request correlationId 17 from controller 0 epoch 1 for the become-leader transition for partition streams-starter-app-KSTREAM-AGGREGATE-STATE-STORE-0000000004-repartition-1 (state.change.logger)
[2020-04-18 11:48:32,193] TRACE Controller 0 epoch 1 received response {error_code=0,partitions=[{topic=streams-starter-app-KSTREAM-AGGREGATE-STATE-STORE-0000000004-repartition,partition=0,error_code=0},{topic=streams-starter-app-KSTREAM-AGGREGATE-STATE-STORE-0000000004-repartition,partition=1,error_code=0}]} for a request sent to broker rodolfo:9092 (id: 0 rack: null) (state.change.logger)
[2020-04-18 11:48:32,194] TRACE Broker 0 cached leader info (LeaderAndIsrInfo:(Leader:0,ISR:0,LeaderEpoch:0,ControllerEpoch:1),ReplicationFactor:1),AllReplicas:0) for partition streams-starter-app-KSTREAM-AGGREGATE-STATE-STORE-0000000004-repartition-0 in response to UpdateMetadata request sent by controller 0 epoch 1 with correlation id 18 (state.change.logger)
[2020-04-18 11:48:32,194] TRACE Broker 0 cached leader info (LeaderAndIsrInfo:(Leader:0,ISR:0,LeaderEpoch:0,ControllerEpoch:1),ReplicationFactor:1),AllReplicas:0) for partition streams-starter-app-KSTREAM-AGGREGATE-STATE-STORE-0000000004-repartition-1 in response to UpdateMetadata request sent by controller 0 epoch 1 with correlation id 18 (state.change.logger)
[2020-04-18 11:48:32,194] TRACE Controller 0 epoch 1 received response {error_code=0} for a request sent to broker rodolfo:9092 (id: 0 rack: null) (state.change.logger)
[2020-04-18 11:48:32,360] TRACE Controller 0 epoch 1 changed partition [streams-starter-app-KSTREAM-AGGREGATE-STATE-STORE-0000000004-changelog,1] state from NonExistentPartition to NewPartition with assigned replicas 0 (state.change.logger)
[2020-04-18 11:48:32,360] TRACE Controller 0 epoch 1 changed partition [streams-starter-app-KSTREAM-AGGREGATE-STATE-STORE-0000000004-changelog,0] state from NonExistentPartition to NewPartition with assigned replicas 0 (state.change.logger)
[2020-04-18 11:48:32,360] TRACE Controller 0 epoch 1 changed state of replica 0 for partition [streams-starter-app-KSTREAM-AGGREGATE-STATE-STORE-0000000004-changelog,1] from NonExistentReplica to NewReplica (state.change.logger)
[2020-04-18 11:48:32,360] TRACE Controller 0 epoch 1 changed state of replica 0 for partition [streams-starter-app-KSTREAM-AGGREGATE-STATE-STORE-0000000004-changelog,0] from NonExistentReplica to NewReplica (state.change.logger)
[2020-04-18 11:48:32,368] TRACE Controller 0 epoch 1 changed partition [streams-starter-app-KSTREAM-AGGREGATE-STATE-STORE-0000000004-changelog,1] from NewPartition to OnlinePartition with leader 0 (state.change.logger)
[2020-04-18 11:48:32,382] TRACE Controller 0 epoch 1 changed partition [streams-starter-app-KSTREAM-AGGREGATE-STATE-STORE-0000000004-changelog,0] from NewPartition to OnlinePartition with leader 0 (state.change.logger)
[2020-04-18 11:48:32,383] TRACE Controller 0 epoch 1 sending become-leader LeaderAndIsr request (Leader:0,ISR:0,LeaderEpoch:0,ControllerEpoch:1) to broker 0 for partition [streams-starter-app-KSTREAM-AGGREGATE-STATE-STORE-0000000004-changelog,0] (state.change.logger)
[2020-04-18 11:48:32,383] TRACE Controller 0 epoch 1 sending become-leader LeaderAndIsr request (Leader:0,ISR:0,LeaderEpoch:0,ControllerEpoch:1) to broker 0 for partition [streams-starter-app-KSTREAM-AGGREGATE-STATE-STORE-0000000004-changelog,1] (state.change.logger)
[2020-04-18 11:48:32,383] TRACE Controller 0 epoch 1 sending UpdateMetadata request (Leader:0,ISR:0,LeaderEpoch:0,ControllerEpoch:1) to brokers Set(0) for partition streams-starter-app-KSTREAM-AGGREGATE-STATE-STORE-0000000004-changelog-0 (state.change.logger)
[2020-04-18 11:48:32,383] TRACE Controller 0 epoch 1 sending UpdateMetadata request (Leader:0,ISR:0,LeaderEpoch:0,ControllerEpoch:1) to brokers Set(0) for partition streams-starter-app-KSTREAM-AGGREGATE-STATE-STORE-0000000004-changelog-1 (state.change.logger)
[2020-04-18 11:48:32,383] TRACE Controller 0 epoch 1 changed state of replica 0 for partition [streams-starter-app-KSTREAM-AGGREGATE-STATE-STORE-0000000004-changelog,1] from NewReplica to OnlineReplica (state.change.logger)
[2020-04-18 11:48:32,383] TRACE Controller 0 epoch 1 changed state of replica 0 for partition [streams-starter-app-KSTREAM-AGGREGATE-STATE-STORE-0000000004-changelog,0] from NewReplica to OnlineReplica (state.change.logger)
[2020-04-18 11:48:32,383] TRACE Broker 0 received LeaderAndIsr request PartitionState(controllerEpoch=1, leader=0, leaderEpoch=0, isr=0, zkVersion=0, replicas=0) correlation id 19 from controller 0 epoch 1 for partition [streams-starter-app-KSTREAM-AGGREGATE-STATE-STORE-0000000004-changelog,0] (state.change.logger)
[2020-04-18 11:48:32,383] TRACE Broker 0 received LeaderAndIsr request PartitionState(controllerEpoch=1, leader=0, leaderEpoch=0, isr=0, zkVersion=0, replicas=0) correlation id 19 from controller 0 epoch 1 for partition [streams-starter-app-KSTREAM-AGGREGATE-STATE-STORE-0000000004-changelog,1] (state.change.logger)
[2020-04-18 11:48:32,384] TRACE Broker 0 handling LeaderAndIsr request correlationId 19 from controller 0 epoch 1 starting the become-leader transition for partition streams-starter-app-KSTREAM-AGGREGATE-STATE-STORE-0000000004-changelog-0 (state.change.logger)
[2020-04-18 11:48:32,384] TRACE Broker 0 handling LeaderAndIsr request correlationId 19 from controller 0 epoch 1 starting the become-leader transition for partition streams-starter-app-KSTREAM-AGGREGATE-STATE-STORE-0000000004-changelog-1 (state.change.logger)
[2020-04-18 11:48:32,391] TRACE Broker 0 stopped fetchers as part of become-leader request from controller 0 epoch 1 with correlation id 19 for partition streams-starter-app-KSTREAM-AGGREGATE-STATE-STORE-0000000004-changelog-1 (state.change.logger)
[2020-04-18 11:48:32,391] TRACE Broker 0 stopped fetchers as part of become-leader request from controller 0 epoch 1 with correlation id 19 for partition streams-starter-app-KSTREAM-AGGREGATE-STATE-STORE-0000000004-changelog-0 (state.change.logger)
[2020-04-18 11:48:32,391] TRACE Broker 0 completed LeaderAndIsr request correlationId 19 from controller 0 epoch 1 for the become-leader transition for partition streams-starter-app-KSTREAM-AGGREGATE-STATE-STORE-0000000004-changelog-0 (state.change.logger)
[2020-04-18 11:48:32,391] TRACE Broker 0 completed LeaderAndIsr request correlationId 19 from controller 0 epoch 1 for the become-leader transition for partition streams-starter-app-KSTREAM-AGGREGATE-STATE-STORE-0000000004-changelog-1 (state.change.logger)
[2020-04-18 11:48:32,391] TRACE Controller 0 epoch 1 received response {error_code=0,partitions=[{topic=streams-starter-app-KSTREAM-AGGREGATE-STATE-STORE-0000000004-changelog,partition=0,error_code=0},{topic=streams-starter-app-KSTREAM-AGGREGATE-STATE-STORE-0000000004-changelog,partition=1,error_code=0}]} for a request sent to broker rodolfo:9092 (id: 0 rack: null) (state.change.logger)
[2020-04-18 11:48:32,391] TRACE Broker 0 cached leader info (LeaderAndIsrInfo:(Leader:0,ISR:0,LeaderEpoch:0,ControllerEpoch:1),ReplicationFactor:1),AllReplicas:0) for partition streams-starter-app-KSTREAM-AGGREGATE-STATE-STORE-0000000004-changelog-0 in response to UpdateMetadata request sent by controller 0 epoch 1 with correlation id 20 (state.change.logger)
[2020-04-18 11:48:32,392] TRACE Broker 0 cached leader info (LeaderAndIsrInfo:(Leader:0,ISR:0,LeaderEpoch:0,ControllerEpoch:1),ReplicationFactor:1),AllReplicas:0) for partition streams-starter-app-KSTREAM-AGGREGATE-STATE-STORE-0000000004-changelog-1 in response to UpdateMetadata request sent by controller 0 epoch 1 with correlation id 20 (state.change.logger)
[2020-04-18 11:48:32,392] TRACE Controller 0 epoch 1 received response {error_code=0} for a request sent to broker rodolfo:9092 (id: 0 rack: null) (state.change.logger)
